Arguments: 
  C:\Program Files\nodejs\node.exe C:\Users\zhangrenyang\AppData\Roaming\npm\node_modules\yarn\lib\cli.js add vite

PATH: 
  C:\Program Files\Common Files\Oracle\Java\javapath;C:\Python27\;C:\Python27\Scripts;C:\Program Files (x86)\Common Files\NetSarang;C:\Program Files (x86)\Intel\Intel(R) Management Engine Components\iCLS\;C:\Program Files\Intel\Intel(R) Management Engine Components\iCLS\;C:\Windows\system32;C:\Windows;C:\Windows\System32\Wbem;C:\Windows\System32\WindowsPowerShell\v1.0\;C:\Windows\System32\OpenSSH\;C:\Program Files (x86)\Intel\Intel(R) Management Engine Components\DAL;C:\Program Files\Intel\Intel(R) Management Engine Components\DAL;C:\Program Files (x86)\Intel\Intel(R) Management Engine Components\IPT;C:\Program Files\Intel\Intel(R) Management Engine Components\IPT;C:\Program Files (x86)\NVIDIA Corporation\PhysX\Common;C:\Program Files\NVIDIA Corporation\NVIDIA NvDLISR;C:\Program Files\Intel\WiFi\bin\;C:\Program Files\Common Files\Intel\WirelessCommon\;C:\WINDOWS\system32;C:\WINDOWS;C:\WINDOWS\System32\Wbem;C:\WINDOWS\System32\WindowsPowerShell\v1.0\;C:\WINDOWS\System32\OpenSSH\;C:\Program Files\Docker\Docker\resources\bin;C:\ProgramData\DockerDesktop\version-bin;C:\Program Files\nodejs\;C:\ProgramData\chocolatey\bin;C:\GTK\bin;C:\Program Files\Git\cmd;C:\Users\zhangrenyang\AppData\Local\Microsoft\WindowsApps;C:\green\mysql-5.7.34\bin;C:\Users\zhangrenyang\AppData\Local\Programs\Microsoft VS Code Insiders;C:\Program Files\JetBrains\IntelliJ IDEA 2021.2\bin;C:\Users\zhangrenyang\AppData\Roaming\npm;C:\Users\zhangrenyang\AppData\Local\Yarn\bin;C:\cygwin64\bin;C:\Program Files\Git\usr\bin;C:\Users\zhangrenyang\AppData\Local\Programs\Microsoft VS Code\bin

Yarn version: 
  1.22.11

Node version: 
  16.8.0

Platform: 
  win32 x64

Trace: 
  Error: ENOENT: no such file or directory, copyfile 'C:\Users\zhangrenyang\AppData\Local\Yarn\Cache\v6\npm-rollup-2.60.2-3f45ace36a9b10b4297181831ea0719922513463-integrity\node_modules\rollup\dist\bin\rollup' -> 'C:\aproject\zhufengwebpack202111\14.vite-source\node_modules\rollup\dist\bin\rollup'

npm manifest: 
  {
    "name": "vite-project",
    "version": "0.0.0",
    "description": "> TODO: description",
    "author": "Your Name <you@example.com>",
    "homepage": "",
    "license": "ISC",
    "main": "lib/vite-project.js",
    "directories": {
      "lib": "lib",
      "test": "__tests__"
    },
    "files": [
      "lib"
    ],
    "publishConfig": {
      "registry": "https://registry.npm.taobao.org/"
    },
    "repository": {
      "type": "git",
      "url": "git@gitee.com:zhufengpeixun/zhufengwebpack202111.git"
    },
    "scripts": {
      "test": "echo \"Error: run tests from root\" && exit 1"
    }
  }

yarn manifest: 
  No manifest

Lockfile: 
  No lockfile
